{"/Users/kingarsalon/Desktop/JavaScript/node/vidly/index.js": {"path":"/Users/kingarsalon/Desktop/JavaScript/node/vidly/index.js","statementMap":{"0":{"start":{"line":1,"column":16},"end":{"line":1,"column":34}},"1":{"start":{"line":2,"column":16},"end":{"line":2,"column":34}},"2":{"start":{"line":3,"column":12},"end":{"line":3,"column":21}},"3":{"start":{"line":5,"column":0},"end":{"line":5,"column":31}},"4":{"start":{"line":6,"column":0},"end":{"line":6,"column":33}},"5":{"start":{"line":7,"column":0},"end":{"line":7,"column":26}},"6":{"start":{"line":8,"column":0},"end":{"line":8,"column":30}},"7":{"start":{"line":9,"column":0},"end":{"line":9,"column":34}},"8":{"start":{"line":12,"column":13},"end":{"line":12,"column":37}},"9":{"start":{"line":13,"column":15},"end":{"line":13,"column":83}},"10":{"start":{"line":13,"column":38},"end":{"line":13,"column":82}},"11":{"start":{"line":15,"column":0},"end":{"line":15,"column":24}}},"fnMap":{"0":{"name":"(anonymous_0)","decl":{"start":{"line":13,"column":32},"end":{"line":13,"column":33}},"loc":{"start":{"line":13,"column":38},"end":{"line":13,"column":82}},"line":13}},"branchMap":{"0":{"loc":{"start":{"line":12,"column":13},"end":{"line":12,"column":37}},"type":"binary-expr","locations":[{"start":{"line":12,"column":13},"end":{"line":12,"column":29}},{"start":{"line":12,"column":33},"end":{"line":12,"column":37}}],"line":12}},"s":{"0":3,"1":3,"2":3,"3":3,"4":3,"5":3,"6":3,"7":3,"8":3,"9":3,"10":3,"11":3},"f":{"0":3},"b":{"0":[3,3]},"_coverageSchema":"1a1c01bbd47fc00a2c39e90264f33305004495a9","hash":"4ce5bffe870972ddaa2d43cd7af13d45cd83edfd"}
,"/Users/kingarsalon/Desktop/JavaScript/node/vidly/middleware/admin.js": {"path":"/Users/kingarsalon/Desktop/JavaScript/node/vidly/middleware/admin.js","statementMap":{"0":{"start":{"line":1,"column":0},"end":{"line":5,"column":1}},"1":{"start":{"line":3,"column":4},"end":{"line":3,"column":71}},"2":{"start":{"line":3,"column":26},"end":{"line":3,"column":71}},"3":{"start":{"line":4,"column":4},"end":{"line":4,"column":11}}},"fnMap":{"0":{"name":"(anonymous_0)","decl":{"start":{"line":1,"column":17},"end":{"line":1,"column":18}},"loc":{"start":{"line":1,"column":42},"end":{"line":5,"column":1}},"line":1}},"branchMap":{"0":{"loc":{"start":{"line":3,"column":4},"end":{"line":3,"column":71}},"type":"if","locations":[{"start":{"line":3,"column":4},"end":{"line":3,"column":71}},{"start":{"line":3,"column":4},"end":{"line":3,"column":71}}],"line":3}},"s":{"0":3,"1":5,"2":1,"3":4},"f":{"0":5},"b":{"0":[1,4]},"_coverageSchema":"1a1c01bbd47fc00a2c39e90264f33305004495a9","hash":"0aa3000809d99fd43108f850400bd8c68284e811"}
,"/Users/kingarsalon/Desktop/JavaScript/node/vidly/middleware/auth.js": {"path":"/Users/kingarsalon/Desktop/JavaScript/node/vidly/middleware/auth.js","statementMap":{"0":{"start":{"line":1,"column":12},"end":{"line":1,"column":35}},"1":{"start":{"line":2,"column":15},"end":{"line":2,"column":32}},"2":{"start":{"line":5,"column":0},"end":{"line":18,"column":1}},"3":{"start":{"line":6,"column":18},"end":{"line":6,"column":44}},"4":{"start":{"line":7,"column":4},"end":{"line":7,"column":80}},"5":{"start":{"line":7,"column":15},"end":{"line":7,"column":80}},"6":{"start":{"line":9,"column":4},"end":{"line":16,"column":5}},"7":{"start":{"line":10,"column":24},"end":{"line":10,"column":70}},"8":{"start":{"line":11,"column":8},"end":{"line":11,"column":27}},"9":{"start":{"line":12,"column":8},"end":{"line":12,"column":15}},"10":{"start":{"line":15,"column":8},"end":{"line":15,"column":47}}},"fnMap":{"0":{"name":"(anonymous_0)","decl":{"start":{"line":5,"column":17},"end":{"line":5,"column":18}},"loc":{"start":{"line":5,"column":42},"end":{"line":18,"column":1}},"line":5}},"branchMap":{"0":{"loc":{"start":{"line":7,"column":4},"end":{"line":7,"column":80}},"type":"if","locations":[{"start":{"line":7,"column":4},"end":{"line":7,"column":80}},{"start":{"line":7,"column":4},"end":{"line":7,"column":80}}],"line":7}},"s":{"0":4,"1":4,"2":4,"3":30,"4":30,"5":5,"6":25,"7":25,"8":24,"9":24,"10":1},"f":{"0":30},"b":{"0":[5,25]},"_coverageSchema":"1a1c01bbd47fc00a2c39e90264f33305004495a9","hash":"84dc7393d18be08f3cb7534ac5a6833b6fe19fe9"}
,"/Users/kingarsalon/Desktop/JavaScript/node/vidly/middleware/error.js": {"path":"/Users/kingarsalon/Desktop/JavaScript/node/vidly/middleware/error.js","statementMap":{"0":{"start":{"line":3,"column":16},"end":{"line":3,"column":34}},"1":{"start":{"line":5,"column":0},"end":{"line":8,"column":1}},"2":{"start":{"line":6,"column":4},"end":{"line":6,"column":36}},"3":{"start":{"line":7,"column":4},"end":{"line":7,"column":45}}},"fnMap":{"0":{"name":"(anonymous_0)","decl":{"start":{"line":5,"column":17},"end":{"line":5,"column":18}},"loc":{"start":{"line":5,"column":47},"end":{"line":8,"column":1}},"line":5}},"branchMap":{},"s":{"0":3,"1":3,"2":0,"3":0},"f":{"0":0},"b":{},"_coverageSchema":"1a1c01bbd47fc00a2c39e90264f33305004495a9","hash":"2d905c852a33fbc0ca8d542a55e7ac8f2507fc2f"}
,"/Users/kingarsalon/Desktop/JavaScript/node/vidly/middleware/validate.js": {"path":"/Users/kingarsalon/Desktop/JavaScript/node/vidly/middleware/validate.js","statementMap":{"0":{"start":{"line":1,"column":0},"end":{"line":7,"column":1}},"1":{"start":{"line":2,"column":4},"end":{"line":6,"column":5}},"2":{"start":{"line":3,"column":26},"end":{"line":3,"column":45}},"3":{"start":{"line":4,"column":8},"end":{"line":4,"column":72}},"4":{"start":{"line":4,"column":18},"end":{"line":4,"column":72}},"5":{"start":{"line":5,"column":8},"end":{"line":5,"column":15}}},"fnMap":{"0":{"name":"(anonymous_0)","decl":{"start":{"line":1,"column":17},"end":{"line":1,"column":18}},"loc":{"start":{"line":1,"column":32},"end":{"line":7,"column":1}},"line":1},"1":{"name":"(anonymous_1)","decl":{"start":{"line":2,"column":11},"end":{"line":2,"column":12}},"loc":{"start":{"line":2,"column":31},"end":{"line":6,"column":5}},"line":2}},"branchMap":{"0":{"loc":{"start":{"line":4,"column":8},"end":{"line":4,"column":72}},"type":"if","locations":[{"start":{"line":4,"column":8},"end":{"line":4,"column":72}},{"start":{"line":4,"column":8},"end":{"line":4,"column":72}}],"line":4}},"s":{"0":3,"1":3,"2":9,"3":9,"4":2,"5":7},"f":{"0":3,"1":9},"b":{"0":[2,7]},"_coverageSchema":"1a1c01bbd47fc00a2c39e90264f33305004495a9","hash":"6376e6fa9e8d5f64887b472c28779d8e7c9b4726"}
,"/Users/kingarsalon/Desktop/JavaScript/node/vidly/middleware/validateObjectId.js": {"path":"/Users/kingarsalon/Desktop/JavaScript/node/vidly/middleware/validateObjectId.js","statementMap":{"0":{"start":{"line":1,"column":17},"end":{"line":1,"column":36}},"1":{"start":{"line":3,"column":0},"end":{"line":8,"column":1}},"2":{"start":{"line":4,"column":4},"end":{"line":5,"column":50}},"3":{"start":{"line":5,"column":8},"end":{"line":5,"column":50}},"4":{"start":{"line":7,"column":4},"end":{"line":7,"column":11}}},"fnMap":{"0":{"name":"(anonymous_0)","decl":{"start":{"line":3,"column":17},"end":{"line":3,"column":18}},"loc":{"start":{"line":3,"column":42},"end":{"line":8,"column":1}},"line":3}},"branchMap":{"0":{"loc":{"start":{"line":4,"column":4},"end":{"line":5,"column":50}},"type":"if","locations":[{"start":{"line":4,"column":4},"end":{"line":5,"column":50}},{"start":{"line":4,"column":4},"end":{"line":5,"column":50}}],"line":4}},"s":{"0":3,"1":3,"2":11,"3":2,"4":9},"f":{"0":11},"b":{"0":[2,9]},"_coverageSchema":"1a1c01bbd47fc00a2c39e90264f33305004495a9","hash":"2a95e6a76548fa62c4f9938cedea56345248aca9"}
,"/Users/kingarsalon/Desktop/JavaScript/node/vidly/models/customer.js": {"path":"/Users/kingarsalon/Desktop/JavaScript/node/vidly/models/customer.js","statementMap":{"0":{"start":{"line":1,"column":17},"end":{"line":1,"column":36}},"1":{"start":{"line":2,"column":12},"end":{"line":2,"column":32}},"2":{"start":{"line":5,"column":23},"end":{"line":22,"column":2}},"3":{"start":{"line":26,"column":17},"end":{"line":26,"column":59}},"4":{"start":{"line":30,"column":19},"end":{"line":34,"column":6}},"5":{"start":{"line":36,"column":4},"end":{"line":36,"column":37}},"6":{"start":{"line":39,"column":0},"end":{"line":39,"column":28}},"7":{"start":{"line":40,"column":0},"end":{"line":40,"column":36}},"8":{"start":{"line":41,"column":0},"end":{"line":41,"column":40}}},"fnMap":{"0":{"name":"validateCustomer","decl":{"start":{"line":29,"column":9},"end":{"line":29,"column":25}},"loc":{"start":{"line":29,"column":37},"end":{"line":37,"column":1}},"line":29}},"branchMap":{},"s":{"0":3,"1":3,"2":3,"3":3,"4":0,"5":0,"6":3,"7":3,"8":3},"f":{"0":0},"b":{},"_coverageSchema":"1a1c01bbd47fc00a2c39e90264f33305004495a9","hash":"ad95230b6a5000a9c93b499ba7a4b9197d4064d1"}
,"/Users/kingarsalon/Desktop/JavaScript/node/vidly/models/genre.js": {"path":"/Users/kingarsalon/Desktop/JavaScript/node/vidly/models/genre.js","statementMap":{"0":{"start":{"line":2,"column":17},"end":{"line":2,"column":36}},"1":{"start":{"line":3,"column":12},"end":{"line":3,"column":32}},"2":{"start":{"line":6,"column":20},"end":{"line":13,"column":2}},"3":{"start":{"line":16,"column":14},"end":{"line":16,"column":50}},"4":{"start":{"line":19,"column":19},"end":{"line":21,"column":6}},"5":{"start":{"line":23,"column":4},"end":{"line":23,"column":34}},"6":{"start":{"line":26,"column":0},"end":{"line":26,"column":22}},"7":{"start":{"line":27,"column":0},"end":{"line":27,"column":33}},"8":{"start":{"line":28,"column":0},"end":{"line":28,"column":34}}},"fnMap":{"0":{"name":"validateGenre","decl":{"start":{"line":18,"column":9},"end":{"line":18,"column":22}},"loc":{"start":{"line":18,"column":31},"end":{"line":24,"column":1}},"line":18}},"branchMap":{},"s":{"0":3,"1":3,"2":3,"3":3,"4":9,"5":9,"6":3,"7":3,"8":3},"f":{"0":9},"b":{},"_coverageSchema":"1a1c01bbd47fc00a2c39e90264f33305004495a9","hash":"f31128829d69d0dcf19b5156f978fdd7de82bb40"}
,"/Users/kingarsalon/Desktop/JavaScript/node/vidly/models/movie.js": {"path":"/Users/kingarsalon/Desktop/JavaScript/node/vidly/models/movie.js","statementMap":{"0":{"start":{"line":3,"column":17},"end":{"line":3,"column":36}},"1":{"start":{"line":4,"column":12},"end":{"line":4,"column":32}},"2":{"start":{"line":5,"column":22},"end":{"line":5,"column":40}},"3":{"start":{"line":9,"column":14},"end":{"line":9,"column":50}},"4":{"start":{"line":11,"column":20},"end":{"line":35,"column":2}},"5":{"start":{"line":38,"column":14},"end":{"line":38,"column":50}},"6":{"start":{"line":43,"column":19},"end":{"line":48,"column":6}},"7":{"start":{"line":50,"column":4},"end":{"line":50,"column":34}},"8":{"start":{"line":54,"column":0},"end":{"line":54,"column":22}},"9":{"start":{"line":55,"column":0},"end":{"line":55,"column":33}},"10":{"start":{"line":56,"column":0},"end":{"line":56,"column":34}}},"fnMap":{"0":{"name":"validateMovie","decl":{"start":{"line":42,"column":9},"end":{"line":42,"column":22}},"loc":{"start":{"line":42,"column":31},"end":{"line":51,"column":1}},"line":42}},"branchMap":{},"s":{"0":3,"1":3,"2":3,"3":3,"4":3,"5":3,"6":0,"7":0,"8":3,"9":3,"10":3},"f":{"0":0},"b":{},"_coverageSchema":"1a1c01bbd47fc00a2c39e90264f33305004495a9","hash":"e2e3956ae7b9f969b7c874b5044fbdb2e311ae8b"}
,"/Users/kingarsalon/Desktop/JavaScript/node/vidly/models/rental.js": {"path":"/Users/kingarsalon/Desktop/JavaScript/node/vidly/models/rental.js","statementMap":{"0":{"start":{"line":2,"column":17},"end":{"line":2,"column":36}},"1":{"start":{"line":3,"column":12},"end":{"line":3,"column":32}},"2":{"start":{"line":4,"column":15},"end":{"line":4,"column":32}},"3":{"start":{"line":6,"column":21},"end":{"line":57,"column":6}},"4":{"start":{"line":60,"column":0},"end":{"line":65,"column":1}},"5":{"start":{"line":61,"column":4},"end":{"line":64,"column":11}},"6":{"start":{"line":68,"column":0},"end":{"line":73,"column":1}},"7":{"start":{"line":69,"column":4},"end":{"line":69,"column":35}},"8":{"start":{"line":71,"column":23},"end":{"line":71,"column":58}},"9":{"start":{"line":72,"column":4},"end":{"line":72,"column":60}},"10":{"start":{"line":75,"column":15},"end":{"line":75,"column":53}},"11":{"start":{"line":80,"column":19},"end":{"line":83,"column":6}},"12":{"start":{"line":85,"column":4},"end":{"line":85,"column":35}},"13":{"start":{"line":88,"column":0},"end":{"line":88,"column":24}},"14":{"start":{"line":89,"column":0},"end":{"line":89,"column":34}}},"fnMap":{"0":{"name":"(anonymous_0)","decl":{"start":{"line":60,"column":30},"end":{"line":60,"column":31}},"loc":{"start":{"line":60,"column":60},"end":{"line":65,"column":1}},"line":60},"1":{"name":"(anonymous_1)","decl":{"start":{"line":68,"column":30},"end":{"line":68,"column":31}},"loc":{"start":{"line":68,"column":40},"end":{"line":73,"column":1}},"line":68},"2":{"name":"validateRental","decl":{"start":{"line":79,"column":9},"end":{"line":79,"column":23}},"loc":{"start":{"line":79,"column":31},"end":{"line":86,"column":1}},"line":79}},"branchMap":{},"s":{"0":3,"1":3,"2":3,"3":3,"4":3,"5":7,"6":3,"7":0,"8":0,"9":0,"10":3,"11":0,"12":0,"13":3,"14":3},"f":{"0":7,"1":0,"2":0},"b":{},"_coverageSchema":"1a1c01bbd47fc00a2c39e90264f33305004495a9","hash":"8c7f9d4f30c7386327934bf14b15b505a8ba5f11"}
,"/Users/kingarsalon/Desktop/JavaScript/node/vidly/models/user.js": {"path":"/Users/kingarsalon/Desktop/JavaScript/node/vidly/models/user.js","statementMap":{"0":{"start":{"line":1,"column":12},"end":{"line":1,"column":35}},"1":{"start":{"line":2,"column":15},"end":{"line":2,"column":32}},"2":{"start":{"line":3,"column":17},"end":{"line":3,"column":36}},"3":{"start":{"line":4,"column":12},"end":{"line":4,"column":32}},"4":{"start":{"line":5,"column":27},"end":{"line":5,"column":61}},"5":{"start":{"line":8,"column":19},"end":{"line":33,"column":2}},"6":{"start":{"line":36,"column":0},"end":{"line":39,"column":1}},"7":{"start":{"line":37,"column":18},"end":{"line":37,"column":96}},"8":{"start":{"line":38,"column":4},"end":{"line":38,"column":17}},"9":{"start":{"line":43,"column":19},"end":{"line":47,"column":6}},"10":{"start":{"line":49,"column":4},"end":{"line":49,"column":33}},"11":{"start":{"line":52,"column":26},"end":{"line":59,"column":1}},"12":{"start":{"line":61,"column":13},"end":{"line":61,"column":51}},"13":{"start":{"line":63,"column":0},"end":{"line":63,"column":19}},"14":{"start":{"line":64,"column":0},"end":{"line":64,"column":32}}},"fnMap":{"0":{"name":"(anonymous_0)","decl":{"start":{"line":36,"column":39},"end":{"line":36,"column":40}},"loc":{"start":{"line":36,"column":51},"end":{"line":39,"column":1}},"line":36},"1":{"name":"validateUser","decl":{"start":{"line":42,"column":9},"end":{"line":42,"column":21}},"loc":{"start":{"line":42,"column":27},"end":{"line":50,"column":1}},"line":42}},"branchMap":{},"s":{"0":5,"1":5,"2":5,"3":5,"4":5,"5":5,"6":5,"7":34,"8":34,"9":0,"10":0,"11":5,"12":5,"13":5,"14":5},"f":{"0":34,"1":0},"b":{},"_coverageSchema":"1a1c01bbd47fc00a2c39e90264f33305004495a9","hash":"91c038088410ff78c2ad196bcd3e504717cf4609"}
,"/Users/kingarsalon/Desktop/JavaScript/node/vidly/routes/auth.js": {"path":"/Users/kingarsalon/Desktop/JavaScript/node/vidly/routes/auth.js","statementMap":{"0":{"start":{"line":1,"column":12},"end":{"line":1,"column":32}},"1":{"start":{"line":2,"column":10},"end":{"line":2,"column":27}},"2":{"start":{"line":3,"column":15},"end":{"line":3,"column":32}},"3":{"start":{"line":4,"column":15},"end":{"line":4,"column":40}},"4":{"start":{"line":5,"column":17},"end":{"line":5,"column":36}},"5":{"start":{"line":6,"column":16},"end":{"line":6,"column":34}},"6":{"start":{"line":7,"column":15},"end":{"line":7,"column":31}},"7":{"start":{"line":8,"column":27},"end":{"line":8,"column":61}},"8":{"start":{"line":12,"column":0},"end":{"line":24,"column":3}},"9":{"start":{"line":13,"column":22},"end":{"line":13,"column":40}},"10":{"start":{"line":14,"column":4},"end":{"line":14,"column":68}},"11":{"start":{"line":14,"column":14},"end":{"line":14,"column":68}},"12":{"start":{"line":16,"column":15},"end":{"line":16,"column":60}},"13":{"start":{"line":17,"column":4},"end":{"line":17,"column":71}},"14":{"start":{"line":17,"column":14},"end":{"line":17,"column":71}},"15":{"start":{"line":19,"column":26},"end":{"line":19,"column":80}},"16":{"start":{"line":20,"column":4},"end":{"line":20,"column":80}},"17":{"start":{"line":20,"column":23},"end":{"line":20,"column":80}},"18":{"start":{"line":22,"column":18},"end":{"line":22,"column":42}},"19":{"start":{"line":23,"column":4},"end":{"line":23,"column":20}},"20":{"start":{"line":26,"column":26},"end":{"line":33,"column":1}},"21":{"start":{"line":36,"column":19},"end":{"line":39,"column":6}},"22":{"start":{"line":41,"column":4},"end":{"line":41,"column":32}},"23":{"start":{"line":44,"column":0},"end":{"line":44,"column":24}}},"fnMap":{"0":{"name":"(anonymous_0)","decl":{"start":{"line":12,"column":17},"end":{"line":12,"column":18}},"loc":{"start":{"line":12,"column":37},"end":{"line":24,"column":1}},"line":12},"1":{"name":"validate","decl":{"start":{"line":35,"column":9},"end":{"line":35,"column":17}},"loc":{"start":{"line":35,"column":22},"end":{"line":42,"column":1}},"line":35}},"branchMap":{"0":{"loc":{"start":{"line":14,"column":4},"end":{"line":14,"column":68}},"type":"if","locations":[{"start":{"line":14,"column":4},"end":{"line":14,"column":68}},{"start":{"line":14,"column":4},"end":{"line":14,"column":68}}],"line":14},"1":{"loc":{"start":{"line":17,"column":4},"end":{"line":17,"column":71}},"type":"if","locations":[{"start":{"line":17,"column":4},"end":{"line":17,"column":71}},{"start":{"line":17,"column":4},"end":{"line":17,"column":71}}],"line":17},"2":{"loc":{"start":{"line":20,"column":4},"end":{"line":20,"column":80}},"type":"if","locations":[{"start":{"line":20,"column":4},"end":{"line":20,"column":80}},{"start":{"line":20,"column":4},"end":{"line":20,"column":80}}],"line":20}},"s":{"0":3,"1":3,"2":3,"3":3,"4":3,"5":3,"6":3,"7":3,"8":3,"9":0,"10":0,"11":0,"12":0,"13":0,"14":0,"15":0,"16":0,"17":0,"18":0,"19":0,"20":3,"21":0,"22":0,"23":3},"f":{"0":0,"1":0},"b":{"0":[0,0],"1":[0,0],"2":[0,0]},"_coverageSchema":"1a1c01bbd47fc00a2c39e90264f33305004495a9","hash":"152c0045e9ffd70e504311febd7c30c09451148d"}
,"/Users/kingarsalon/Desktop/JavaScript/node/vidly/routes/customers.js": {"path":"/Users/kingarsalon/Desktop/JavaScript/node/vidly/routes/customers.js","statementMap":{"0":{"start":{"line":2,"column":13},"end":{"line":2,"column":42}},"1":{"start":{"line":3,"column":29},"end":{"line":3,"column":58}},"2":{"start":{"line":4,"column":17},"end":{"line":4,"column":36}},"3":{"start":{"line":5,"column":16},"end":{"line":5,"column":34}},"4":{"start":{"line":6,"column":15},"end":{"line":6,"column":31}},"5":{"start":{"line":9,"column":0},"end":{"line":12,"column":3}},"6":{"start":{"line":10,"column":22},"end":{"line":10,"column":56}},"7":{"start":{"line":11,"column":4},"end":{"line":11,"column":24}},"8":{"start":{"line":14,"column":0},"end":{"line":18,"column":3}},"9":{"start":{"line":15,"column":19},"end":{"line":15,"column":57}},"10":{"start":{"line":16,"column":4},"end":{"line":16,"column":68}},"11":{"start":{"line":16,"column":18},"end":{"line":16,"column":68}},"12":{"start":{"line":17,"column":4},"end":{"line":17,"column":23}},"13":{"start":{"line":21,"column":0},"end":{"line":34,"column":3}},"14":{"start":{"line":22,"column":22},"end":{"line":22,"column":40}},"15":{"start":{"line":23,"column":4},"end":{"line":23,"column":68}},"16":{"start":{"line":23,"column":14},"end":{"line":23,"column":68}},"17":{"start":{"line":25,"column":21},"end":{"line":29,"column":7}},"18":{"start":{"line":31,"column":4},"end":{"line":31,"column":26}},"19":{"start":{"line":33,"column":4},"end":{"line":33,"column":23}},"20":{"start":{"line":37,"column":0},"end":{"line":47,"column":3}},"21":{"start":{"line":39,"column":22},"end":{"line":39,"column":40}},"22":{"start":{"line":40,"column":4},"end":{"line":40,"column":68}},"23":{"start":{"line":40,"column":14},"end":{"line":40,"column":68}},"24":{"start":{"line":43,"column":21},"end":{"line":43,"column":105}},"25":{"start":{"line":44,"column":4},"end":{"line":44,"column":65}},"26":{"start":{"line":44,"column":18},"end":{"line":44,"column":65}},"27":{"start":{"line":46,"column":4},"end":{"line":46,"column":23}},"28":{"start":{"line":50,"column":0},"end":{"line":55,"column":3}},"29":{"start":{"line":51,"column":21},"end":{"line":51,"column":68}},"30":{"start":{"line":52,"column":4},"end":{"line":52,"column":68}},"31":{"start":{"line":52,"column":18},"end":{"line":52,"column":68}},"32":{"start":{"line":54,"column":4},"end":{"line":54,"column":23}},"33":{"start":{"line":57,"column":0},"end":{"line":57,"column":24}}},"fnMap":{"0":{"name":"(anonymous_0)","decl":{"start":{"line":9,"column":16},"end":{"line":9,"column":17}},"loc":{"start":{"line":9,"column":36},"end":{"line":12,"column":1}},"line":9},"1":{"name":"(anonymous_1)","decl":{"start":{"line":14,"column":19},"end":{"line":14,"column":20}},"loc":{"start":{"line":14,"column":39},"end":{"line":18,"column":1}},"line":14},"2":{"name":"(anonymous_2)","decl":{"start":{"line":21,"column":23},"end":{"line":21,"column":24}},"loc":{"start":{"line":21,"column":42},"end":{"line":34,"column":1}},"line":21},"3":{"name":"(anonymous_3)","decl":{"start":{"line":37,"column":25},"end":{"line":37,"column":26}},"loc":{"start":{"line":37,"column":45},"end":{"line":47,"column":1}},"line":37},"4":{"name":"(anonymous_4)","decl":{"start":{"line":50,"column":28},"end":{"line":50,"column":29}},"loc":{"start":{"line":50,"column":48},"end":{"line":55,"column":1}},"line":50}},"branchMap":{"0":{"loc":{"start":{"line":16,"column":4},"end":{"line":16,"column":68}},"type":"if","locations":[{"start":{"line":16,"column":4},"end":{"line":16,"column":68}},{"start":{"line":16,"column":4},"end":{"line":16,"column":68}}],"line":16},"1":{"loc":{"start":{"line":23,"column":4},"end":{"line":23,"column":68}},"type":"if","locations":[{"start":{"line":23,"column":4},"end":{"line":23,"column":68}},{"start":{"line":23,"column":4},"end":{"line":23,"column":68}}],"line":23},"2":{"loc":{"start":{"line":40,"column":4},"end":{"line":40,"column":68}},"type":"if","locations":[{"start":{"line":40,"column":4},"end":{"line":40,"column":68}},{"start":{"line":40,"column":4},"end":{"line":40,"column":68}}],"line":40},"3":{"loc":{"start":{"line":44,"column":4},"end":{"line":44,"column":65}},"type":"if","locations":[{"start":{"line":44,"column":4},"end":{"line":44,"column":65}},{"start":{"line":44,"column":4},"end":{"line":44,"column":65}}],"line":44},"4":{"loc":{"start":{"line":52,"column":4},"end":{"line":52,"column":68}},"type":"if","locations":[{"start":{"line":52,"column":4},"end":{"line":52,"column":68}},{"start":{"line":52,"column":4},"end":{"line":52,"column":68}}],"line":52}},"s":{"0":3,"1":3,"2":3,"3":3,"4":3,"5":3,"6":0,"7":0,"8":3,"9":0,"10":0,"11":0,"12":0,"13":3,"14":0,"15":0,"16":0,"17":0,"18":0,"19":0,"20":3,"21":0,"22":0,"23":0,"24":0,"25":0,"26":0,"27":0,"28":3,"29":0,"30":0,"31":0,"32":0,"33":3},"f":{"0":0,"1":0,"2":0,"3":0,"4":0},"b":{"0":[0,0],"1":[0,0],"2":[0,0],"3":[0,0],"4":[0,0]},"_coverageSchema":"1a1c01bbd47fc00a2c39e90264f33305004495a9","hash":"4f764acc7caee1ea75f0f4659a4dffafa142a002"}
,"/Users/kingarsalon/Desktop/JavaScript/node/vidly/routes/genres.js": {"path":"/Users/kingarsalon/Desktop/JavaScript/node/vidly/routes/genres.js","statementMap":{"0":{"start":{"line":2,"column":25},"end":{"line":2,"column":66}},"1":{"start":{"line":3,"column":13},"end":{"line":3,"column":42}},"2":{"start":{"line":4,"column":14},"end":{"line":4,"column":44}},"3":{"start":{"line":5,"column":17},"end":{"line":5,"column":36}},"4":{"start":{"line":6,"column":16},"end":{"line":6,"column":34}},"5":{"start":{"line":7,"column":15},"end":{"line":7,"column":31}},"6":{"start":{"line":8,"column":26},"end":{"line":8,"column":52}},"7":{"start":{"line":11,"column":0},"end":{"line":15,"column":3}},"8":{"start":{"line":13,"column":19},"end":{"line":13,"column":50}},"9":{"start":{"line":14,"column":4},"end":{"line":14,"column":21}},"10":{"start":{"line":17,"column":0},"end":{"line":23,"column":3}},"11":{"start":{"line":18,"column":16},"end":{"line":18,"column":64}},"12":{"start":{"line":20,"column":4},"end":{"line":20,"column":62}},"13":{"start":{"line":20,"column":15},"end":{"line":20,"column":62}},"14":{"start":{"line":22,"column":4},"end":{"line":22,"column":20}},"15":{"start":{"line":26,"column":0},"end":{"line":34,"column":3}},"16":{"start":{"line":27,"column":22},"end":{"line":27,"column":40}},"17":{"start":{"line":28,"column":4},"end":{"line":28,"column":68}},"18":{"start":{"line":28,"column":14},"end":{"line":28,"column":68}},"19":{"start":{"line":30,"column":16},"end":{"line":30,"column":50}},"20":{"start":{"line":31,"column":4},"end":{"line":31,"column":31}},"21":{"start":{"line":33,"column":4},"end":{"line":33,"column":20}},"22":{"start":{"line":38,"column":0},"end":{"line":48,"column":3}},"23":{"start":{"line":40,"column":22},"end":{"line":40,"column":40}},"24":{"start":{"line":41,"column":4},"end":{"line":41,"column":68}},"25":{"start":{"line":41,"column":14},"end":{"line":41,"column":68}},"26":{"start":{"line":44,"column":18},"end":{"line":44,"column":98}},"27":{"start":{"line":45,"column":4},"end":{"line":45,"column":62}},"28":{"start":{"line":45,"column":15},"end":{"line":45,"column":62}},"29":{"start":{"line":47,"column":4},"end":{"line":47,"column":20}},"30":{"start":{"line":51,"column":0},"end":{"line":56,"column":3}},"31":{"start":{"line":52,"column":18},"end":{"line":52,"column":62}},"32":{"start":{"line":53,"column":4},"end":{"line":53,"column":62}},"33":{"start":{"line":53,"column":15},"end":{"line":53,"column":62}},"34":{"start":{"line":55,"column":4},"end":{"line":55,"column":20}},"35":{"start":{"line":58,"column":0},"end":{"line":58,"column":24}}},"fnMap":{"0":{"name":"(anonymous_0)","decl":{"start":{"line":11,"column":16},"end":{"line":11,"column":17}},"loc":{"start":{"line":11,"column":36},"end":{"line":15,"column":1}},"line":11},"1":{"name":"(anonymous_1)","decl":{"start":{"line":17,"column":37},"end":{"line":17,"column":38}},"loc":{"start":{"line":17,"column":57},"end":{"line":23,"column":1}},"line":17},"2":{"name":"(anonymous_2)","decl":{"start":{"line":26,"column":23},"end":{"line":26,"column":24}},"loc":{"start":{"line":26,"column":42},"end":{"line":34,"column":1}},"line":26},"3":{"name":"(anonymous_3)","decl":{"start":{"line":38,"column":45},"end":{"line":38,"column":46}},"loc":{"start":{"line":38,"column":65},"end":{"line":48,"column":1}},"line":38},"4":{"name":"(anonymous_4)","decl":{"start":{"line":51,"column":55},"end":{"line":51,"column":56}},"loc":{"start":{"line":51,"column":75},"end":{"line":56,"column":1}},"line":51}},"branchMap":{"0":{"loc":{"start":{"line":20,"column":4},"end":{"line":20,"column":62}},"type":"if","locations":[{"start":{"line":20,"column":4},"end":{"line":20,"column":62}},{"start":{"line":20,"column":4},"end":{"line":20,"column":62}}],"line":20},"1":{"loc":{"start":{"line":28,"column":4},"end":{"line":28,"column":68}},"type":"if","locations":[{"start":{"line":28,"column":4},"end":{"line":28,"column":68}},{"start":{"line":28,"column":4},"end":{"line":28,"column":68}}],"line":28},"2":{"loc":{"start":{"line":41,"column":4},"end":{"line":41,"column":68}},"type":"if","locations":[{"start":{"line":41,"column":4},"end":{"line":41,"column":68}},{"start":{"line":41,"column":4},"end":{"line":41,"column":68}}],"line":41},"3":{"loc":{"start":{"line":45,"column":4},"end":{"line":45,"column":62}},"type":"if","locations":[{"start":{"line":45,"column":4},"end":{"line":45,"column":62}},{"start":{"line":45,"column":4},"end":{"line":45,"column":62}}],"line":45},"4":{"loc":{"start":{"line":53,"column":4},"end":{"line":53,"column":62}},"type":"if","locations":[{"start":{"line":53,"column":4},"end":{"line":53,"column":62}},{"start":{"line":53,"column":4},"end":{"line":53,"column":62}}],"line":53}},"s":{"0":3,"1":3,"2":3,"3":3,"4":3,"5":3,"6":3,"7":3,"8":1,"9":1,"10":3,"11":2,"12":2,"13":2,"14":0,"15":3,"16":5,"17":5,"18":2,"19":3,"20":3,"21":3,"22":3,"23":4,"24":4,"25":2,"26":2,"27":2,"28":0,"29":2,"30":3,"31":3,"32":3,"33":1,"34":2,"35":3},"f":{"0":1,"1":2,"2":5,"3":4,"4":3},"b":{"0":[2,0],"1":[2,3],"2":[2,2],"3":[0,2],"4":[1,2]},"_coverageSchema":"1a1c01bbd47fc00a2c39e90264f33305004495a9","hash":"ce09503eed278da0263e36ec8888196d33a34fa9"}
,"/Users/kingarsalon/Desktop/JavaScript/node/vidly/routes/movies.js": {"path":"/Users/kingarsalon/Desktop/JavaScript/node/vidly/routes/movies.js","statementMap":{"0":{"start":{"line":1,"column":13},"end":{"line":1,"column":42}},"1":{"start":{"line":2,"column":14},"end":{"line":2,"column":44}},"2":{"start":{"line":3,"column":26},"end":{"line":3,"column":52}},"3":{"start":{"line":4,"column":16},"end":{"line":4,"column":42}},"4":{"start":{"line":5,"column":17},"end":{"line":5,"column":36}},"5":{"start":{"line":6,"column":16},"end":{"line":6,"column":34}},"6":{"start":{"line":7,"column":15},"end":{"line":7,"column":31}},"7":{"start":{"line":11,"column":0},"end":{"line":14,"column":3}},"8":{"start":{"line":12,"column":19},"end":{"line":12,"column":50}},"9":{"start":{"line":13,"column":4},"end":{"line":13,"column":21}},"10":{"start":{"line":16,"column":0},"end":{"line":22,"column":3}},"11":{"start":{"line":17,"column":16},"end":{"line":17,"column":51}},"12":{"start":{"line":19,"column":4},"end":{"line":19,"column":84}},"13":{"start":{"line":19,"column":15},"end":{"line":19,"column":84}},"14":{"start":{"line":21,"column":4},"end":{"line":21,"column":20}},"15":{"start":{"line":25,"column":0},"end":{"line":45,"column":3}},"16":{"start":{"line":26,"column":22},"end":{"line":26,"column":40}},"17":{"start":{"line":27,"column":4},"end":{"line":27,"column":68}},"18":{"start":{"line":27,"column":14},"end":{"line":27,"column":68}},"19":{"start":{"line":29,"column":18},"end":{"line":29,"column":56}},"20":{"start":{"line":30,"column":4},"end":{"line":30,"column":60}},"21":{"start":{"line":30,"column":15},"end":{"line":30,"column":60}},"22":{"start":{"line":32,"column":16},"end":{"line":40,"column":6}},"23":{"start":{"line":42,"column":4},"end":{"line":42,"column":23}},"24":{"start":{"line":44,"column":4},"end":{"line":44,"column":20}},"25":{"start":{"line":49,"column":0},"end":{"line":69,"column":3}},"26":{"start":{"line":51,"column":22},"end":{"line":51,"column":40}},"27":{"start":{"line":52,"column":4},"end":{"line":52,"column":68}},"28":{"start":{"line":52,"column":14},"end":{"line":52,"column":68}},"29":{"start":{"line":55,"column":18},"end":{"line":64,"column":25}},"30":{"start":{"line":66,"column":4},"end":{"line":66,"column":75}},"31":{"start":{"line":66,"column":15},"end":{"line":66,"column":75}},"32":{"start":{"line":68,"column":4},"end":{"line":68,"column":20}},"33":{"start":{"line":72,"column":0},"end":{"line":77,"column":3}},"34":{"start":{"line":73,"column":18},"end":{"line":73,"column":62}},"35":{"start":{"line":74,"column":4},"end":{"line":74,"column":62}},"36":{"start":{"line":74,"column":15},"end":{"line":74,"column":62}},"37":{"start":{"line":76,"column":4},"end":{"line":76,"column":20}},"38":{"start":{"line":81,"column":0},"end":{"line":81,"column":24}}},"fnMap":{"0":{"name":"(anonymous_0)","decl":{"start":{"line":11,"column":16},"end":{"line":11,"column":17}},"loc":{"start":{"line":11,"column":36},"end":{"line":14,"column":1}},"line":11},"1":{"name":"(anonymous_1)","decl":{"start":{"line":16,"column":19},"end":{"line":16,"column":20}},"loc":{"start":{"line":16,"column":39},"end":{"line":22,"column":1}},"line":16},"2":{"name":"(anonymous_2)","decl":{"start":{"line":25,"column":30},"end":{"line":25,"column":31}},"loc":{"start":{"line":25,"column":49},"end":{"line":45,"column":1}},"line":25},"3":{"name":"(anonymous_3)","decl":{"start":{"line":49,"column":32},"end":{"line":49,"column":33}},"loc":{"start":{"line":49,"column":52},"end":{"line":69,"column":1}},"line":49},"4":{"name":"(anonymous_4)","decl":{"start":{"line":72,"column":28},"end":{"line":72,"column":29}},"loc":{"start":{"line":72,"column":48},"end":{"line":77,"column":1}},"line":72}},"branchMap":{"0":{"loc":{"start":{"line":19,"column":4},"end":{"line":19,"column":84}},"type":"if","locations":[{"start":{"line":19,"column":4},"end":{"line":19,"column":84}},{"start":{"line":19,"column":4},"end":{"line":19,"column":84}}],"line":19},"1":{"loc":{"start":{"line":27,"column":4},"end":{"line":27,"column":68}},"type":"if","locations":[{"start":{"line":27,"column":4},"end":{"line":27,"column":68}},{"start":{"line":27,"column":4},"end":{"line":27,"column":68}}],"line":27},"2":{"loc":{"start":{"line":30,"column":4},"end":{"line":30,"column":60}},"type":"if","locations":[{"start":{"line":30,"column":4},"end":{"line":30,"column":60}},{"start":{"line":30,"column":4},"end":{"line":30,"column":60}}],"line":30},"3":{"loc":{"start":{"line":52,"column":4},"end":{"line":52,"column":68}},"type":"if","locations":[{"start":{"line":52,"column":4},"end":{"line":52,"column":68}},{"start":{"line":52,"column":4},"end":{"line":52,"column":68}}],"line":52},"4":{"loc":{"start":{"line":66,"column":4},"end":{"line":66,"column":75}},"type":"if","locations":[{"start":{"line":66,"column":4},"end":{"line":66,"column":75}},{"start":{"line":66,"column":4},"end":{"line":66,"column":75}}],"line":66},"5":{"loc":{"start":{"line":74,"column":4},"end":{"line":74,"column":62}},"type":"if","locations":[{"start":{"line":74,"column":4},"end":{"line":74,"column":62}},{"start":{"line":74,"column":4},"end":{"line":74,"column":62}}],"line":74}},"s":{"0":3,"1":3,"2":3,"3":3,"4":3,"5":3,"6":3,"7":3,"8":0,"9":0,"10":3,"11":0,"12":0,"13":0,"14":0,"15":3,"16":0,"17":0,"18":0,"19":0,"20":0,"21":0,"22":0,"23":0,"24":0,"25":3,"26":0,"27":0,"28":0,"29":0,"30":0,"31":0,"32":0,"33":3,"34":0,"35":0,"36":0,"37":0,"38":3},"f":{"0":0,"1":0,"2":0,"3":0,"4":0},"b":{"0":[0,0],"1":[0,0],"2":[0,0],"3":[0,0],"4":[0,0],"5":[0,0]},"_coverageSchema":"1a1c01bbd47fc00a2c39e90264f33305004495a9","hash":"5e6187f4f3ab506f11e2bf628616214f02981ad7"}
,"/Users/kingarsalon/Desktop/JavaScript/node/vidly/routes/rentals.js": {"path":"/Users/kingarsalon/Desktop/JavaScript/node/vidly/routes/rentals.js","statementMap":{"0":{"start":{"line":1,"column":13},"end":{"line":1,"column":42}},"1":{"start":{"line":2,"column":27},"end":{"line":2,"column":54}},"2":{"start":{"line":3,"column":16},"end":{"line":3,"column":42}},"3":{"start":{"line":4,"column":19},"end":{"line":4,"column":48}},"4":{"start":{"line":5,"column":17},"end":{"line":5,"column":36}},"5":{"start":{"line":6,"column":13},"end":{"line":6,"column":28}},"6":{"start":{"line":7,"column":16},"end":{"line":7,"column":34}},"7":{"start":{"line":8,"column":15},"end":{"line":8,"column":31}},"8":{"start":{"line":10,"column":0},"end":{"line":10,"column":20}},"9":{"start":{"line":13,"column":0},"end":{"line":16,"column":3}},"10":{"start":{"line":14,"column":20},"end":{"line":14,"column":57}},"11":{"start":{"line":15,"column":4},"end":{"line":15,"column":22}},"12":{"start":{"line":20,"column":0},"end":{"line":62,"column":3}},"13":{"start":{"line":21,"column":22},"end":{"line":21,"column":40}},"14":{"start":{"line":22,"column":4},"end":{"line":22,"column":68}},"15":{"start":{"line":22,"column":14},"end":{"line":22,"column":68}},"16":{"start":{"line":24,"column":21},"end":{"line":24,"column":65}},"17":{"start":{"line":25,"column":4},"end":{"line":25,"column":69}},"18":{"start":{"line":25,"column":18},"end":{"line":25,"column":69}},"19":{"start":{"line":27,"column":18},"end":{"line":27,"column":56}},"20":{"start":{"line":28,"column":4},"end":{"line":28,"column":62}},"21":{"start":{"line":28,"column":15},"end":{"line":28,"column":62}},"22":{"start":{"line":30,"column":4},"end":{"line":30,"column":84}},"23":{"start":{"line":30,"column":34},"end":{"line":30,"column":84}},"24":{"start":{"line":32,"column":17},"end":{"line":45,"column":6}},"25":{"start":{"line":48,"column":4},"end":{"line":60,"column":5}},"26":{"start":{"line":49,"column":8},"end":{"line":54,"column":19}},"27":{"start":{"line":56,"column":8},"end":{"line":56,"column":25}},"28":{"start":{"line":59,"column":8},"end":{"line":59,"column":49}},"29":{"start":{"line":66,"column":0},"end":{"line":66,"column":24}}},"fnMap":{"0":{"name":"(anonymous_0)","decl":{"start":{"line":13,"column":16},"end":{"line":13,"column":17}},"loc":{"start":{"line":13,"column":35},"end":{"line":16,"column":1}},"line":13},"1":{"name":"(anonymous_1)","decl":{"start":{"line":20,"column":23},"end":{"line":20,"column":24}},"loc":{"start":{"line":20,"column":43},"end":{"line":62,"column":1}},"line":20}},"branchMap":{"0":{"loc":{"start":{"line":22,"column":4},"end":{"line":22,"column":68}},"type":"if","locations":[{"start":{"line":22,"column":4},"end":{"line":22,"column":68}},{"start":{"line":22,"column":4},"end":{"line":22,"column":68}}],"line":22},"1":{"loc":{"start":{"line":25,"column":4},"end":{"line":25,"column":69}},"type":"if","locations":[{"start":{"line":25,"column":4},"end":{"line":25,"column":69}},{"start":{"line":25,"column":4},"end":{"line":25,"column":69}}],"line":25},"2":{"loc":{"start":{"line":28,"column":4},"end":{"line":28,"column":62}},"type":"if","locations":[{"start":{"line":28,"column":4},"end":{"line":28,"column":62}},{"start":{"line":28,"column":4},"end":{"line":28,"column":62}}],"line":28},"3":{"loc":{"start":{"line":30,"column":4},"end":{"line":30,"column":84}},"type":"if","locations":[{"start":{"line":30,"column":4},"end":{"line":30,"column":84}},{"start":{"line":30,"column":4},"end":{"line":30,"column":84}}],"line":30}},"s":{"0":3,"1":3,"2":3,"3":3,"4":3,"5":3,"6":3,"7":3,"8":3,"9":3,"10":0,"11":0,"12":3,"13":0,"14":0,"15":0,"16":0,"17":0,"18":0,"19":0,"20":0,"21":0,"22":0,"23":0,"24":0,"25":0,"26":0,"27":0,"28":0,"29":3},"f":{"0":0,"1":0},"b":{"0":[0,0],"1":[0,0],"2":[0,0],"3":[0,0]},"_coverageSchema":"1a1c01bbd47fc00a2c39e90264f33305004495a9","hash":"b8047d4868a0199ab1546a8a83646210e7e08c3b"}
,"/Users/kingarsalon/Desktop/JavaScript/node/vidly/routes/returns.js": {"path":"/Users/kingarsalon/Desktop/JavaScript/node/vidly/routes/returns.js","statementMap":{"0":{"start":{"line":1,"column":12},"end":{"line":1,"column":32}},"1":{"start":{"line":2,"column":15},"end":{"line":2,"column":32}},"2":{"start":{"line":3,"column":17},"end":{"line":3,"column":50}},"3":{"start":{"line":4,"column":17},"end":{"line":4,"column":44}},"4":{"start":{"line":5,"column":16},"end":{"line":5,"column":42}},"5":{"start":{"line":6,"column":13},"end":{"line":6,"column":42}},"6":{"start":{"line":7,"column":16},"end":{"line":7,"column":34}},"7":{"start":{"line":8,"column":15},"end":{"line":8,"column":31}},"8":{"start":{"line":11,"column":0},"end":{"line":26,"column":3}},"9":{"start":{"line":12,"column":18},"end":{"line":12,"column":76}},"10":{"start":{"line":14,"column":4},"end":{"line":14,"column":64}},"11":{"start":{"line":14,"column":16},"end":{"line":14,"column":64}},"12":{"start":{"line":16,"column":4},"end":{"line":16,"column":84}},"13":{"start":{"line":16,"column":28},"end":{"line":16,"column":84}},"14":{"start":{"line":18,"column":4},"end":{"line":18,"column":20}},"15":{"start":{"line":19,"column":4},"end":{"line":19,"column":24}},"16":{"start":{"line":21,"column":4},"end":{"line":23,"column":7}},"17":{"start":{"line":25,"column":4},"end":{"line":25,"column":21}},"18":{"start":{"line":29,"column":19},"end":{"line":32,"column":6}},"19":{"start":{"line":33,"column":4},"end":{"line":33,"column":32}},"20":{"start":{"line":36,"column":0},"end":{"line":36,"column":24}}},"fnMap":{"0":{"name":"(anonymous_0)","decl":{"start":{"line":11,"column":51},"end":{"line":11,"column":52}},"loc":{"start":{"line":11,"column":71},"end":{"line":26,"column":1}},"line":11},"1":{"name":"validateReturn","decl":{"start":{"line":28,"column":9},"end":{"line":28,"column":23}},"loc":{"start":{"line":28,"column":30},"end":{"line":34,"column":1}},"line":28}},"branchMap":{"0":{"loc":{"start":{"line":14,"column":4},"end":{"line":14,"column":64}},"type":"if","locations":[{"start":{"line":14,"column":4},"end":{"line":14,"column":64}},{"start":{"line":14,"column":4},"end":{"line":14,"column":64}}],"line":14},"1":{"loc":{"start":{"line":16,"column":4},"end":{"line":16,"column":84}},"type":"if","locations":[{"start":{"line":16,"column":4},"end":{"line":16,"column":84}},{"start":{"line":16,"column":4},"end":{"line":16,"column":84}}],"line":16}},"s":{"0":3,"1":3,"2":3,"3":3,"4":3,"5":3,"6":3,"7":3,"8":3,"9":7,"10":7,"11":7,"12":0,"13":0,"14":0,"15":0,"16":0,"17":0,"18":9,"19":9,"20":3},"f":{"0":7,"1":9},"b":{"0":[7,0],"1":[0,0]},"_coverageSchema":"1a1c01bbd47fc00a2c39e90264f33305004495a9","hash":"a1f9f02e07b1e6e66011ed13d91f5eb7309326d9"}
,"/Users/kingarsalon/Desktop/JavaScript/node/vidly/routes/users.js": {"path":"/Users/kingarsalon/Desktop/JavaScript/node/vidly/routes/users.js","statementMap":{"0":{"start":{"line":1,"column":12},"end":{"line":1,"column":35}},"1":{"start":{"line":2,"column":13},"end":{"line":2,"column":42}},"2":{"start":{"line":3,"column":15},"end":{"line":3,"column":32}},"3":{"start":{"line":4,"column":25},"end":{"line":4,"column":50}},"4":{"start":{"line":5,"column":17},"end":{"line":5,"column":36}},"5":{"start":{"line":6,"column":16},"end":{"line":6,"column":34}},"6":{"start":{"line":7,"column":15},"end":{"line":7,"column":31}},"7":{"start":{"line":8,"column":10},"end":{"line":8,"column":27}},"8":{"start":{"line":9,"column":15},"end":{"line":9,"column":32}},"9":{"start":{"line":11,"column":0},"end":{"line":14,"column":3}},"10":{"start":{"line":12,"column":17},"end":{"line":12,"column":70}},"11":{"start":{"line":13,"column":4},"end":{"line":13,"column":19}},"12":{"start":{"line":16,"column":0},"end":{"line":32,"column":2}},"13":{"start":{"line":17,"column":22},"end":{"line":17,"column":40}},"14":{"start":{"line":18,"column":4},"end":{"line":18,"column":68}},"15":{"start":{"line":18,"column":14},"end":{"line":18,"column":68}},"16":{"start":{"line":20,"column":15},"end":{"line":20,"column":60}},"17":{"start":{"line":21,"column":4},"end":{"line":21,"column":68}},"18":{"start":{"line":21,"column":13},"end":{"line":21,"column":68}},"19":{"start":{"line":23,"column":4},"end":{"line":23,"column":82}},"20":{"start":{"line":24,"column":17},"end":{"line":24,"column":41}},"21":{"start":{"line":25,"column":4},"end":{"line":25,"column":59}},"22":{"start":{"line":27,"column":4},"end":{"line":27,"column":22}},"23":{"start":{"line":29,"column":18},"end":{"line":29,"column":42}},"24":{"start":{"line":30,"column":4},"end":{"line":30,"column":92}},"25":{"start":{"line":34,"column":0},"end":{"line":34,"column":24}}},"fnMap":{"0":{"name":"(anonymous_0)","decl":{"start":{"line":11,"column":25},"end":{"line":11,"column":26}},"loc":{"start":{"line":11,"column":44},"end":{"line":14,"column":1}},"line":11},"1":{"name":"(anonymous_1)","decl":{"start":{"line":16,"column":17},"end":{"line":16,"column":18}},"loc":{"start":{"line":16,"column":37},"end":{"line":32,"column":1}},"line":16}},"branchMap":{"0":{"loc":{"start":{"line":18,"column":4},"end":{"line":18,"column":68}},"type":"if","locations":[{"start":{"line":18,"column":4},"end":{"line":18,"column":68}},{"start":{"line":18,"column":4},"end":{"line":18,"column":68}}],"line":18},"1":{"loc":{"start":{"line":21,"column":4},"end":{"line":21,"column":68}},"type":"if","locations":[{"start":{"line":21,"column":4},"end":{"line":21,"column":68}},{"start":{"line":21,"column":4},"end":{"line":21,"column":68}}],"line":21}},"s":{"0":3,"1":3,"2":3,"3":3,"4":3,"5":3,"6":3,"7":3,"8":3,"9":3,"10":0,"11":0,"12":3,"13":0,"14":0,"15":0,"16":0,"17":0,"18":0,"19":0,"20":0,"21":0,"22":0,"23":0,"24":0,"25":3},"f":{"0":0,"1":0},"b":{"0":[0,0],"1":[0,0]},"_coverageSchema":"1a1c01bbd47fc00a2c39e90264f33305004495a9","hash":"a1a1d50d49649d1b71ea503d160b4266d3f0ce73"}
,"/Users/kingarsalon/Desktop/JavaScript/node/vidly/startup/config.js": {"path":"/Users/kingarsalon/Desktop/JavaScript/node/vidly/startup/config.js","statementMap":{"0":{"start":{"line":1,"column":15},"end":{"line":1,"column":32}},"1":{"start":{"line":3,"column":0},"end":{"line":7,"column":1}},"2":{"start":{"line":4,"column":4},"end":{"line":6,"column":5}},"3":{"start":{"line":5,"column":8},"end":{"line":5,"column":69}}},"fnMap":{"0":{"name":"(anonymous_0)","decl":{"start":{"line":3,"column":17},"end":{"line":3,"column":18}},"loc":{"start":{"line":3,"column":27},"end":{"line":7,"column":1}},"line":3}},"branchMap":{"0":{"loc":{"start":{"line":4,"column":4},"end":{"line":6,"column":5}},"type":"if","locations":[{"start":{"line":4,"column":4},"end":{"line":6,"column":5}},{"start":{"line":4,"column":4},"end":{"line":6,"column":5}}],"line":4}},"s":{"0":3,"1":3,"2":3,"3":0},"f":{"0":3},"b":{"0":[0,3]},"_coverageSchema":"1a1c01bbd47fc00a2c39e90264f33305004495a9","hash":"f55e5960de2f42044ee29ece74ec65de924f6db4"}
,"/Users/kingarsalon/Desktop/JavaScript/node/vidly/startup/db.js": {"path":"/Users/kingarsalon/Desktop/JavaScript/node/vidly/startup/db.js","statementMap":{"0":{"start":{"line":2,"column":16},"end":{"line":2,"column":34}},"1":{"start":{"line":3,"column":17},"end":{"line":3,"column":36}},"2":{"start":{"line":4,"column":15},"end":{"line":4,"column":32}},"3":{"start":{"line":6,"column":0},"end":{"line":11,"column":1}},"4":{"start":{"line":7,"column":15},"end":{"line":7,"column":31}},"5":{"start":{"line":8,"column":4},"end":{"line":10,"column":58}},"6":{"start":{"line":10,"column":20},"end":{"line":10,"column":57}}},"fnMap":{"0":{"name":"(anonymous_0)","decl":{"start":{"line":6,"column":17},"end":{"line":6,"column":18}},"loc":{"start":{"line":6,"column":27},"end":{"line":11,"column":1}},"line":6},"1":{"name":"(anonymous_1)","decl":{"start":{"line":10,"column":14},"end":{"line":10,"column":15}},"loc":{"start":{"line":10,"column":20},"end":{"line":10,"column":57}},"line":10}},"branchMap":{},"s":{"0":3,"1":3,"2":3,"3":3,"4":3,"5":3,"6":3},"f":{"0":3,"1":3},"b":{},"_coverageSchema":"1a1c01bbd47fc00a2c39e90264f33305004495a9","hash":"78ed509ebff8dac5e9fbad2ab9a0ccd549989958"}
,"/Users/kingarsalon/Desktop/JavaScript/node/vidly/startup/logging.js": {"path":"/Users/kingarsalon/Desktop/JavaScript/node/vidly/startup/logging.js","statementMap":{"0":{"start":{"line":1,"column":0},"end":{"line":1,"column":32}},"1":{"start":{"line":2,"column":16},"end":{"line":2,"column":34}},"2":{"start":{"line":5,"column":0},"end":{"line":19,"column":1}},"3":{"start":{"line":6,"column":4},"end":{"line":8,"column":76}},"4":{"start":{"line":10,"column":4},"end":{"line":12,"column":7}},"5":{"start":{"line":11,"column":8},"end":{"line":11,"column":17}},"6":{"start":{"line":14,"column":4},"end":{"line":14,"column":70}}},"fnMap":{"0":{"name":"(anonymous_0)","decl":{"start":{"line":5,"column":17},"end":{"line":5,"column":18}},"loc":{"start":{"line":5,"column":27},"end":{"line":19,"column":1}},"line":5},"1":{"name":"(anonymous_1)","decl":{"start":{"line":10,"column":37},"end":{"line":10,"column":38}},"loc":{"start":{"line":10,"column":45},"end":{"line":12,"column":5}},"line":10}},"branchMap":{},"s":{"0":3,"1":3,"2":3,"3":3,"4":3,"5":0,"6":3},"f":{"0":3,"1":0},"b":{},"_coverageSchema":"1a1c01bbd47fc00a2c39e90264f33305004495a9","hash":"1bb82fc5925e65785547a6b23d65b3d2fe900d3e"}
,"/Users/kingarsalon/Desktop/JavaScript/node/vidly/startup/routes.js": {"path":"/Users/kingarsalon/Desktop/JavaScript/node/vidly/startup/routes.js","statementMap":{"0":{"start":{"line":3,"column":16},"end":{"line":3,"column":34}},"1":{"start":{"line":4,"column":15},"end":{"line":4,"column":42}},"2":{"start":{"line":5,"column":18},"end":{"line":5,"column":48}},"3":{"start":{"line":6,"column":15},"end":{"line":6,"column":42}},"4":{"start":{"line":7,"column":16},"end":{"line":7,"column":44}},"5":{"start":{"line":8,"column":14},"end":{"line":8,"column":40}},"6":{"start":{"line":9,"column":13},"end":{"line":9,"column":38}},"7":{"start":{"line":10,"column":16},"end":{"line":10,"column":44}},"8":{"start":{"line":11,"column":14},"end":{"line":11,"column":44}},"9":{"start":{"line":14,"column":0},"end":{"line":24,"column":1}},"10":{"start":{"line":15,"column":4},"end":{"line":15,"column":28}},"11":{"start":{"line":16,"column":4},"end":{"line":16,"column":35}},"12":{"start":{"line":17,"column":4},"end":{"line":17,"column":41}},"13":{"start":{"line":18,"column":4},"end":{"line":18,"column":35}},"14":{"start":{"line":19,"column":4},"end":{"line":19,"column":37}},"15":{"start":{"line":20,"column":4},"end":{"line":20,"column":33}},"16":{"start":{"line":21,"column":4},"end":{"line":21,"column":31}},"17":{"start":{"line":22,"column":4},"end":{"line":22,"column":37}},"18":{"start":{"line":23,"column":4},"end":{"line":23,"column":19}}},"fnMap":{"0":{"name":"(anonymous_0)","decl":{"start":{"line":14,"column":17},"end":{"line":14,"column":18}},"loc":{"start":{"line":14,"column":30},"end":{"line":24,"column":1}},"line":14}},"branchMap":{},"s":{"0":3,"1":3,"2":3,"3":3,"4":3,"5":3,"6":3,"7":3,"8":3,"9":3,"10":3,"11":3,"12":3,"13":3,"14":3,"15":3,"16":3,"17":3,"18":3},"f":{"0":3},"b":{},"_coverageSchema":"1a1c01bbd47fc00a2c39e90264f33305004495a9","hash":"6d0df07e21875a0f7e76d648de8409700141e4ec"}
,"/Users/kingarsalon/Desktop/JavaScript/node/vidly/startup/validation.js": {"path":"/Users/kingarsalon/Desktop/JavaScript/node/vidly/startup/validation.js","statementMap":{"0":{"start":{"line":1,"column":12},"end":{"line":1,"column":32}},"1":{"start":{"line":3,"column":0},"end":{"line":5,"column":1}},"2":{"start":{"line":4,"column":4},"end":{"line":4,"column":48}}},"fnMap":{"0":{"name":"(anonymous_0)","decl":{"start":{"line":3,"column":17},"end":{"line":3,"column":18}},"loc":{"start":{"line":3,"column":27},"end":{"line":5,"column":1}},"line":3}},"branchMap":{},"s":{"0":3,"1":3,"2":3},"f":{"0":3},"b":{},"_coverageSchema":"1a1c01bbd47fc00a2c39e90264f33305004495a9","hash":"0e3465111f950ce88934de56e601c4d6a5430193"}
}
